<?xml version="1.0" encoding="UTF-8"?>
<!-- Generated by org.testng.reporters.JUnitReportReporter -->
<testsuite hostname="kblyumkin2-wf.local" name="com.source.it.jdbc.dao.GenericDaoImplItemTest" tests="4" failures="0" timestamp="28 Jun 2017 17:31:07 GMT" time="0.019" errors="0">
  <testcase name="testReadExistingItem" time="0.003" classname="com.source.it.jdbc.dao.GenericDaoImplItemTest"/>
  <testcase name="testDeleteItem" time="0.007" classname="com.source.it.jdbc.dao.GenericDaoImplItemTest"/>
  <testcase name="testCreateItem" time="0.004" classname="com.source.it.jdbc.dao.GenericDaoImplItemTest"/>
  <testcase name="testUpdateItem" time="0.005" classname="com.source.it.jdbc.dao.GenericDaoImplItemTest"/>
</testsuite> <!-- com.source.it.jdbc.dao.GenericDaoImplItemTest -->
