<?xml version="1.0" encoding="UTF-8"?>
<!-- Generated by org.testng.reporters.JUnitReportReporter -->
<testsuite hostname="kblyumkin2-wf.local" name="com.source.it.jdbc.dao.GenericDaoImplOrderTest" tests="3" failures="0" timestamp="28 Jun 2017 17:31:07 GMT" time="0.161" errors="0">
  <testcase name="testUpdateOrder" time="0.078" classname="com.source.it.jdbc.dao.GenericDaoImplOrderTest"/>
  <testcase name="testCreateOrder" time="0.001" classname="com.source.it.jdbc.dao.GenericDaoImplOrderTest"/>
  <testcase name="testDeleteItem" time="0.082" classname="com.source.it.jdbc.dao.GenericDaoImplOrderTest"/>
</testsuite> <!-- com.source.it.jdbc.dao.GenericDaoImplOrderTest -->
