<?xml version="1.0" encoding="UTF-8"?>
<!-- Generated by org.testng.reporters.JUnitReportReporter -->
<testsuite hostname="kblyumkin2-wf.local" name="com.source.it.jdbc.dao.GenericDaoImplItemTest" tests="4" failures="0" timestamp="24 Jun 2017 12:04:08 GMT" time="0.021" errors="0">
  <testcase name="testReadExistingItem" time="0.005" classname="com.source.it.jdbc.dao.GenericDaoImplItemTest"/>
  <testcase name="testDeleteItem" time="0.008" classname="com.source.it.jdbc.dao.GenericDaoImplItemTest"/>
  <testcase name="testCreateItem" time="0.002" classname="com.source.it.jdbc.dao.GenericDaoImplItemTest"/>
  <testcase name="testUpdateItem" time="0.006" classname="com.source.it.jdbc.dao.GenericDaoImplItemTest"/>
</testsuite> <!-- com.source.it.jdbc.dao.GenericDaoImplItemTest -->
