<?xml version="1.0" encoding="UTF-8"?>
<!-- Generated by org.testng.reporters.JUnitReportReporter -->
<testsuite hostname="kblyumkin2-wf.local" name="com.source.it.jdbc.manager.UserDaoManagerTest" tests="2" failures="0" timestamp="28 Jun 2017 17:31:07 GMT" time="0.003" errors="0">
  <testcase name="testGetUserByLogin" time="0.002" classname="com.source.it.jdbc.manager.UserDaoManagerTest"/>
  <testcase name="testGetUserByLoginForUnexistingUser" time="0.001" classname="com.source.it.jdbc.manager.UserDaoManagerTest"/>
</testsuite> <!-- com.source.it.jdbc.manager.UserDaoManagerTest -->
