<?xml version="1.0" encoding="UTF-8"?>
<!-- Generated by org.testng.reporters.JUnitReportReporter -->
<testsuite hostname="kblyumkin2-wf.local" name="com.source.it.jdbc.manager.UserDaoManagerTest" tests="2" failures="0" timestamp="24 Jun 2017 12:04:08 GMT" time="0.004" errors="0">
  <testcase name="testGetUserByLogin" time="0.002" classname="com.source.it.jdbc.manager.UserDaoManagerTest"/>
  <testcase name="testGetUserByLoginForUnexistingUser" time="0.002" classname="com.source.it.jdbc.manager.UserDaoManagerTest"/>
</testsuite> <!-- com.source.it.jdbc.manager.UserDaoManagerTest -->
