<?xml version="1.0" encoding="UTF-8"?>
<!-- Generated by org.testng.reporters.JUnitReportReporter -->
<testsuite hostname="kblyumkin2-wf.local" name="com.source.it.jdbc.dao.GenericDaoImplTest" tests="5" failures="0" timestamp="28 Jun 2017 17:31:07 GMT" time="0.018" errors="0">
  <testcase name="testDeleteUser" time="0.003" classname="com.source.it.jdbc.dao.GenericDaoImplTest"/>
  <testcase name="testWriteNewUser" time="0.004" classname="com.source.it.jdbc.dao.GenericDaoImplTest"/>
  <testcase name="testReadUnexistingUser" time="0.005" classname="com.source.it.jdbc.dao.GenericDaoImplTest"/>
  <testcase name="testReadExistingUser" time="0.003" classname="com.source.it.jdbc.dao.GenericDaoImplTest"/>
  <testcase name="testUpdateUser" time="0.003" classname="com.source.it.jdbc.dao.GenericDaoImplTest"/>
</testsuite> <!-- com.source.it.jdbc.dao.GenericDaoImplTest -->
