<?xml version="1.0" encoding="UTF-8"?>
<!-- Generated by org.testng.reporters.JUnitReportReporter -->
<testsuite hostname="kblyumkin2-wf.local" name="com.source.it.services.UserServiceTest" tests="1" failures="0" timestamp="28 Jun 2017 17:31:08 GMT" time="0.043" errors="0">
  <testcase name="testGetByUnexistingLogin" time="0.043" classname="com.source.it.services.UserServiceTest"/>
</testsuite> <!-- com.source.it.services.UserServiceTest -->
