<?xml version="1.0" encoding="UTF-8"?>
<!-- Generated by org.testng.reporters.JUnitReportReporter -->
<testsuite hostname="kblyumkin2-wf.local" name="com.source.it.utils.GetClassNameTest" tests="1" failures="0" timestamp="28 Jun 2017 17:31:03 GMT" time="0.009" errors="0">
  <testcase name="testGetClassName" time="0.009" classname="com.source.it.utils.GetClassNameTest"/>
</testsuite> <!-- com.source.it.utils.GetClassNameTest -->
